1718152886.838797 client started (586589): version 3.2a, socket /tmp/tmux-1000/default, protocol 8
1718152886.838819 on Linux 6.5.0-35-generic #35~22.04.1-Ubuntu SMP PREEMPT_DYNAMIC Tue May  7 09:00:52 UTC 2
1718152886.838824 using libevent 2.1.12-stable (poll); ncurses 6.3
1718152886.838833 flags are 0x10010000
1718152886.838835 socket is /tmp/tmux-1000/default
1718152886.838847 trying connect
1718152886.838893 add peer 0x5f64bbd76000: 6 ((nil))
1718152886.839108 sending message 100 to peer 0x5f64bbd76000 (4 bytes)
1718152886.839112 sending message 111 to peer 0x5f64bbd76000 (8 bytes)
1718152886.839115 sending message 101 to peer 0x5f64bbd76000 (15 bytes)
1718152886.839118 sending message 109 to peer 0x5f64bbd76000 (4 bytes)
1718152886.839121 sending message 102 to peer 0x5f64bbd76000 (12 bytes)
1718152886.839124 sending message 108 to peer 0x5f64bbd76000 (41 bytes)
1718152886.839127 sending message 112 to peer 0x5f64bbd76000 (58 bytes)
1718152886.839130 sending message 112 to peer 0x5f64bbd76000 (5 bytes)
1718152886.839133 sending message 112 to peer 0x5f64bbd76000 (5 bytes)
1718152886.839135 sending message 112 to peer 0x5f64bbd76000 (6 bytes)
1718152886.839138 sending message 112 to peer 0x5f64bbd76000 (6 bytes)
1718152886.839141 sending message 112 to peer 0x5f64bbd76000 (11 bytes)
1718152886.839144 sending message 112 to peer 0x5f64bbd76000 (10 bytes)
1718152886.839147 sending message 112 to peer 0x5f64bbd76000 (13 bytes)
1718152886.839150 sending message 112 to peer 0x5f64bbd76000 (14 bytes)
1718152886.839153 sending message 112 to peer 0x5f64bbd76000 (19 bytes)
1718152886.839155 sending message 112 to peer 0x5f64bbd76000 (11 bytes)
1718152886.839158 sending message 112 to peer 0x5f64bbd76000 (10 bytes)
1718152886.839161 sending message 112 to peer 0x5f64bbd76000 (15 bytes)
1718152886.839164 sending message 112 to peer 0x5f64bbd76000 (21 bytes)
1718152886.839167 sending message 112 to peer 0x5f64bbd76000 (13 bytes)
1718152886.839169 sending message 112 to peer 0x5f64bbd76000 (7 bytes)
1718152886.839173 sending message 112 to peer 0x5f64bbd76000 (13 bytes)
1718152886.839176 sending message 112 to peer 0x5f64bbd76000 (7 bytes)
1718152886.839179 sending message 112 to peer 0x5f64bbd76000 (13 bytes)
1718152886.839181 sending message 112 to peer 0x5f64bbd76000 (9 bytes)
1718152886.839184 sending message 112 to peer 0x5f64bbd76000 (21 bytes)
1718152886.839187 sending message 112 to peer 0x5f64bbd76000 (13 bytes)
1718152886.839190 sending message 112 to peer 0x5f64bbd76000 (9 bytes)
1718152886.839193 sending message 112 to peer 0x5f64bbd76000 (16 bytes)
1718152886.839196 sending message 112 to peer 0x5f64bbd76000 (13 bytes)
1718152886.839199 sending message 112 to peer 0x5f64bbd76000 (9 bytes)
1718152886.839201 sending message 112 to peer 0x5f64bbd76000 (9 bytes)
1718152886.839204 sending message 112 to peer 0x5f64bbd76000 (12 bytes)
1718152886.839207 sending message 112 to peer 0x5f64bbd76000 (8 bytes)
1718152886.839210 sending message 112 to peer 0x5f64bbd76000 (8 bytes)
1718152886.839213 sending message 112 to peer 0x5f64bbd76000 (13 bytes)
1718152886.839216 sending message 112 to peer 0x5f64bbd76000 (7 bytes)
1718152886.839218 sending message 112 to peer 0x5f64bbd76000 (7 bytes)
1718152886.839221 sending message 112 to peer 0x5f64bbd76000 (9 bytes)
1718152886.839224 sending message 112 to peer 0x5f64bbd76000 (9 bytes)
1718152886.839227 sending message 112 to peer 0x5f64bbd76000 (15 bytes)
1718152886.839230 sending message 112 to peer 0x5f64bbd76000 (13 bytes)
1718152886.839233 sending message 112 to peer 0x5f64bbd76000 (12 bytes)
1718152886.839236 sending message 112 to peer 0x5f64bbd76000 (8 bytes)
1718152886.839239 sending message 112 to peer 0x5f64bbd76000 (14 bytes)
1718152886.839241 sending message 112 to peer 0x5f64bbd76000 (11 bytes)
1718152886.839244 sending message 112 to peer 0x5f64bbd76000 (9 bytes)
1718152886.839247 sending message 112 to peer 0x5f64bbd76000 (10 bytes)
1718152886.839250 sending message 112 to peer 0x5f64bbd76000 (10 bytes)
1718152886.839253 sending message 112 to peer 0x5f64bbd76000 (10 bytes)
1718152886.839261 sending message 112 to peer 0x5f64bbd76000 (10 bytes)
1718152886.839264 sending message 112 to peer 0x5f64bbd76000 (11 bytes)
1718152886.839267 sending message 112 to peer 0x5f64bbd76000 (12 bytes)
1718152886.839270 sending message 112 to peer 0x5f64bbd76000 (12 bytes)
1718152886.839273 sending message 112 to peer 0x5f64bbd76000 (12 bytes)
1718152886.839276 sending message 112 to peer 0x5f64bbd76000 (12 bytes)
1718152886.839278 sending message 112 to peer 0x5f64bbd76000 (12 bytes)
1718152886.839281 sending message 112 to peer 0x5f64bbd76000 (11 bytes)
1718152886.839284 sending message 112 to peer 0x5f64bbd76000 (11 bytes)
1718152886.839287 sending message 112 to peer 0x5f64bbd76000 (12 bytes)
1718152886.839290 sending message 112 to peer 0x5f64bbd76000 (12 bytes)
1718152886.839293 sending message 112 to peer 0x5f64bbd76000 (12 bytes)
1718152886.839295 sending message 112 to peer 0x5f64bbd76000 (12 bytes)
1718152886.839298 sending message 112 to peer 0x5f64bbd76000 (12 bytes)
1718152886.839301 sending message 112 to peer 0x5f64bbd76000 (9 bytes)
1718152886.839304 sending message 112 to peer 0x5f64bbd76000 (12 bytes)
1718152886.839307 sending message 112 to peer 0x5f64bbd76000 (13 bytes)
1718152886.839310 sending message 112 to peer 0x5f64bbd76000 (13 bytes)
1718152886.839312 sending message 112 to peer 0x5f64bbd76000 (13 bytes)
1718152886.839315 sending message 112 to peer 0x5f64bbd76000 (13 bytes)
1718152886.839318 sending message 112 to peer 0x5f64bbd76000 (13 bytes)
1718152886.839321 sending message 112 to peer 0x5f64bbd76000 (8 bytes)
1718152886.839324 sending message 112 to peer 0x5f64bbd76000 (11 bytes)
1718152886.839327 sending message 112 to peer 0x5f64bbd76000 (11 bytes)
1718152886.839330 sending message 112 to peer 0x5f64bbd76000 (11 bytes)
1718152886.839333 sending message 112 to peer 0x5f64bbd76000 (12 bytes)
1718152886.839335 sending message 112 to peer 0x5f64bbd76000 (12 bytes)
1718152886.839338 sending message 112 to peer 0x5f64bbd76000 (12 bytes)
1718152886.839341 sending message 112 to peer 0x5f64bbd76000 (12 bytes)
1718152886.839344 sending message 112 to peer 0x5f64bbd76000 (13 bytes)
1718152886.839347 sending message 112 to peer 0x5f64bbd76000 (13 bytes)
1718152886.839350 sending message 112 to peer 0x5f64bbd76000 (13 bytes)
1718152886.839352 sending message 112 to peer 0x5f64bbd76000 (8 bytes)
1718152886.839355 sending message 112 to peer 0x5f64bbd76000 (13 bytes)
1718152886.839358 sending message 112 to peer 0x5f64bbd76000 (13 bytes)
1718152886.839361 sending message 112 to peer 0x5f64bbd76000 (13 bytes)
1718152886.839364 sending message 112 to peer 0x5f64bbd76000 (13 bytes)
1718152886.839367 sending message 112 to peer 0x5f64bbd76000 (13 bytes)
1718152886.839369 sending message 112 to peer 0x5f64bbd76000 (12 bytes)
1718152886.839372 sending message 112 to peer 0x5f64bbd76000 (12 bytes)
1718152886.839375 sending message 112 to peer 0x5f64bbd76000 (12 bytes)
1718152886.839378 sending message 112 to peer 0x5f64bbd76000 (12 bytes)
1718152886.839381 sending message 112 to peer 0x5f64bbd76000 (13 bytes)
1718152886.839384 sending message 112 to peer 0x5f64bbd76000 (8 bytes)
1718152886.839386 sending message 112 to peer 0x5f64bbd76000 (13 bytes)
1718152886.839389 sending message 112 to peer 0x5f64bbd76000 (13 bytes)
1718152886.839392 sending message 112 to peer 0x5f64bbd76000 (13 bytes)
1718152886.839395 sending message 112 to peer 0x5f64bbd76000 (13 bytes)
1718152886.839398 sending message 112 to peer 0x5f64bbd76000 (13 bytes)
1718152886.839401 sending message 112 to peer 0x5f64bbd76000 (13 bytes)
1718152886.839403 sending message 112 to peer 0x5f64bbd76000 (13 bytes)
1718152886.839406 sending message 112 to peer 0x5f64bbd76000 (12 bytes)
1718152886.839409 sending message 112 to peer 0x5f64bbd76000 (12 bytes)
1718152886.839412 sending message 112 to peer 0x5f64bbd76000 (12 bytes)
1718152886.839415 sending message 112 to peer 0x5f64bbd76000 (8 bytes)
1718152886.839418 sending message 112 to peer 0x5f64bbd76000 (12 bytes)
1718152886.839420 sending message 112 to peer 0x5f64bbd76000 (13 bytes)
1718152886.839427 sending message 112 to peer 0x5f64bbd76000 (13 bytes)
1718152886.839430 sending message 112 to peer 0x5f64bbd76000 (13 bytes)
1718152886.839433 sending message 112 to peer 0x5f64bbd76000 (13 bytes)
1718152886.839436 sending message 112 to peer 0x5f64bbd76000 (13 bytes)
1718152886.839438 sending message 112 to peer 0x5f64bbd76000 (13 bytes)
1718152886.839441 sending message 112 to peer 0x5f64bbd76000 (13 bytes)
1718152886.839444 sending message 112 to peer 0x5f64bbd76000 (13 bytes)
1718152886.839447 sending message 112 to peer 0x5f64bbd76000 (12 bytes)
1718152886.839450 sending message 112 to peer 0x5f64bbd76000 (10 bytes)
1718152886.839453 sending message 112 to peer 0x5f64bbd76000 (12 bytes)
1718152886.839455 sending message 112 to peer 0x5f64bbd76000 (12 bytes)
1718152886.839458 sending message 112 to peer 0x5f64bbd76000 (12 bytes)
1718152886.839461 sending message 112 to peer 0x5f64bbd76000 (13 bytes)
1718152886.839464 sending message 112 to peer 0x5f64bbd76000 (13 bytes)
1718152886.839467 sending message 112 to peer 0x5f64bbd76000 (13 bytes)
1718152886.839470 sending message 112 to peer 0x5f64bbd76000 (13 bytes)
1718152886.839472 sending message 112 to peer 0x5f64bbd76000 (13 bytes)
1718152886.839475 sending message 112 to peer 0x5f64bbd76000 (13 bytes)
1718152886.839478 sending message 112 to peer 0x5f64bbd76000 (13 bytes)
1718152886.839481 sending message 112 to peer 0x5f64bbd76000 (10 bytes)
1718152886.839498 sending message 112 to peer 0x5f64bbd76000 (13 bytes)
1718152886.839501 sending message 112 to peer 0x5f64bbd76000 (12 bytes)
1718152886.839504 sending message 112 to peer 0x5f64bbd76000 (12 bytes)
1718152886.839507 sending message 112 to peer 0x5f64bbd76000 (12 bytes)
1718152886.839510 sending message 112 to peer 0x5f64bbd76000 (10 bytes)
1718152886.839512 sending message 112 to peer 0x5f64bbd76000 (10 bytes)
1718152886.839515 sending message 112 to peer 0x5f64bbd76000 (10 bytes)
1718152886.839518 sending message 112 to peer 0x5f64bbd76000 (12 bytes)
1718152886.839521 sending message 112 to peer 0x5f64bbd76000 (13 bytes)
1718152886.839524 sending message 112 to peer 0x5f64bbd76000 (13 bytes)
1718152886.839526 sending message 112 to peer 0x5f64bbd76000 (13 bytes)
1718152886.839529 sending message 112 to peer 0x5f64bbd76000 (13 bytes)
1718152886.839532 sending message 112 to peer 0x5f64bbd76000 (13 bytes)
1718152886.839535 sending message 112 to peer 0x5f64bbd76000 (10 bytes)
1718152886.839538 sending message 112 to peer 0x5f64bbd76000 (11 bytes)
1718152886.839540 sending message 112 to peer 0x5f64bbd76000 (12 bytes)
1718152886.839543 sending message 112 to peer 0x5f64bbd76000 (12 bytes)
1718152886.839546 sending message 112 to peer 0x5f64bbd76000 (12 bytes)
1718152886.839549 sending message 112 to peer 0x5f64bbd76000 (12 bytes)
1718152886.839552 sending message 112 to peer 0x5f64bbd76000 (12 bytes)
1718152886.839555 sending message 112 to peer 0x5f64bbd76000 (11 bytes)
1718152886.839557 sending message 112 to peer 0x5f64bbd76000 (12 bytes)
1718152886.839560 sending message 112 to peer 0x5f64bbd76000 (12 bytes)
1718152886.839563 sending message 112 to peer 0x5f64bbd76000 (13 bytes)
1718152886.839566 sending message 112 to peer 0x5f64bbd76000 (13 bytes)
1718152886.839569 sending message 112 to peer 0x5f64bbd76000 (13 bytes)
1718152886.839571 sending message 112 to peer 0x5f64bbd76000 (13 bytes)
1718152886.839574 sending message 112 to peer 0x5f64bbd76000 (13 bytes)
1718152886.839577 sending message 112 to peer 0x5f64bbd76000 (10 bytes)
1718152886.839580 sending message 112 to peer 0x5f64bbd76000 (9 bytes)
1718152886.839583 sending message 112 to peer 0x5f64bbd76000 (12 bytes)
1718152886.839585 sending message 112 to peer 0x5f64bbd76000 (13 bytes)
1718152886.839588 sending message 112 to peer 0x5f64bbd76000 (13 bytes)
1718152886.839591 sending message 112 to peer 0x5f64bbd76000 (13 bytes)
1718152886.839594 sending message 112 to peer 0x5f64bbd76000 (13 bytes)
1718152886.839597 sending message 112 to peer 0x5f64bbd76000 (13 bytes)
1718152886.839599 sending message 112 to peer 0x5f64bbd76000 (9 bytes)
1718152886.839606 sending message 112 to peer 0x5f64bbd76000 (12 bytes)
1718152886.839609 sending message 112 to peer 0x5f64bbd76000 (13 bytes)
1718152886.839612 sending message 112 to peer 0x5f64bbd76000 (13 bytes)
1718152886.839615 sending message 112 to peer 0x5f64bbd76000 (13 bytes)
1718152886.839617 sending message 112 to peer 0x5f64bbd76000 (13 bytes)
1718152886.839620 sending message 112 to peer 0x5f64bbd76000 (13 bytes)
1718152886.839623 sending message 112 to peer 0x5f64bbd76000 (11 bytes)
1718152886.839626 sending message 112 to peer 0x5f64bbd76000 (12 bytes)
1718152886.839629 sending message 112 to peer 0x5f64bbd76000 (13 bytes)
1718152886.839632 sending message 112 to peer 0x5f64bbd76000 (13 bytes)
1718152886.839641 sending message 112 to peer 0x5f64bbd76000 (13 bytes)
1718152886.839645 sending message 112 to peer 0x5f64bbd76000 (13 bytes)
1718152886.839648 sending message 112 to peer 0x5f64bbd76000 (13 bytes)
1718152886.839651 sending message 112 to peer 0x5f64bbd76000 (11 bytes)
1718152886.839654 sending message 112 to peer 0x5f64bbd76000 (12 bytes)
1718152886.839657 sending message 112 to peer 0x5f64bbd76000 (12 bytes)
1718152886.839659 sending message 112 to peer 0x5f64bbd76000 (12 bytes)
1718152886.839662 sending message 112 to peer 0x5f64bbd76000 (12 bytes)
1718152886.839665 sending message 112 to peer 0x5f64bbd76000 (12 bytes)
1718152886.839668 sending message 112 to peer 0x5f64bbd76000 (21 bytes)
1718152886.839671 sending message 112 to peer 0x5f64bbd76000 (12 bytes)
1718152886.839674 sending message 112 to peer 0x5f64bbd76000 (9 bytes)
1718152886.839676 sending message 112 to peer 0x5f64bbd76000 (6 bytes)
1718152886.839679 sending message 112 to peer 0x5f64bbd76000 (13 bytes)
1718152886.839682 sending message 112 to peer 0x5f64bbd76000 (10 bytes)
1718152886.839685 sending message 112 to peer 0x5f64bbd76000 (24 bytes)
1718152886.839688 sending message 112 to peer 0x5f64bbd76000 (13 bytes)
1718152886.839691 sending message 112 to peer 0x5f64bbd76000 (9 bytes)
1718152886.839693 sending message 112 to peer 0x5f64bbd76000 (70 bytes)
1718152886.839696 sending message 112 to peer 0x5f64bbd76000 (69 bytes)
1718152886.839699 sending message 112 to peer 0x5f64bbd76000 (12 bytes)
1718152886.839702 sending message 112 to peer 0x5f64bbd76000 (10 bytes)
1718152886.839705 sending message 112 to peer 0x5f64bbd76000 (10 bytes)
1718152886.839707 sending message 112 to peer 0x5f64bbd76000 (24 bytes)
1718152886.839710 sending message 112 to peer 0x5f64bbd76000 (13 bytes)
1718152886.839713 sending message 112 to peer 0x5f64bbd76000 (10 bytes)
1718152886.839716 sending message 112 to peer 0x5f64bbd76000 (10 bytes)
1718152886.839719 sending message 112 to peer 0x5f64bbd76000 (10 bytes)
1718152886.839721 sending message 112 to peer 0x5f64bbd76000 (13 bytes)
1718152886.839724 sending message 112 to peer 0x5f64bbd76000 (15 bytes)
1718152886.839727 sending message 112 to peer 0x5f64bbd76000 (5 bytes)
1718152886.839731 sending message 104 to peer 0x5f64bbd76000 (0 bytes)
1718152886.839734 sending message 110 to peer 0x5f64bbd76000 (0 bytes)
1718152886.839737 sending message 107 to peer 0x5f64bbd76000 (4 bytes)
1718152886.839740 sending message 105 to peer 0x5f64bbd76000 (38 bytes)
1718152886.839743 sending message 105 to peer 0x5f64bbd76000 (62 bytes)
1718152886.839746 sending message 105 to peer 0x5f64bbd76000 (36 bytes)
1718152886.839748 sending message 105 to peer 0x5f64bbd76000 (20 bytes)
1718152886.839751 sending message 105 to peer 0x5f64bbd76000 (54 bytes)
1718152886.839754 sending message 105 to peer 0x5f64bbd76000 (11 bytes)
1718152886.839757 sending message 105 to peer 0x5f64bbd76000 (40 bytes)
1718152886.839760 sending message 105 to peer 0x5f64bbd76000 (50 bytes)
1718152886.839763 sending message 105 to peer 0x5f64bbd76000 (24 bytes)
1718152886.839765 sending message 105 to peer 0x5f64bbd76000 (16 bytes)
1718152886.839768 sending message 105 to peer 0x5f64bbd76000 (46 bytes)
1718152886.839771 sending message 105 to peer 0x5f64bbd76000 (47 bytes)
1718152886.839774 sending message 105 to peer 0x5f64bbd76000 (21 bytes)
1718152886.839781 sending message 105 to peer 0x5f64bbd76000 (17 bytes)
1718152886.839784 sending message 105 to peer 0x5f64bbd76000 (18 bytes)
1718152886.839786 sending message 105 to peer 0x5f64bbd76000 (21 bytes)
1718152886.839789 sending message 105 to peer 0x5f64bbd76000 (1501 bytes)
1718152886.839794 sending message 105 to peer 0x5f64bbd76000 (28 bytes)
1718152886.839797 sending message 105 to peer 0x5f64bbd76000 (87 bytes)
1718152886.839799 sending message 105 to peer 0x5f64bbd76000 (15 bytes)
1718152886.839802 sending message 105 to peer 0x5f64bbd76000 (17 bytes)
1718152886.839805 sending message 105 to peer 0x5f64bbd76000 (21 bytes)
1718152886.839808 sending message 105 to peer 0x5f64bbd76000 (75 bytes)
1718152886.839811 sending message 105 to peer 0x5f64bbd76000 (53 bytes)
1718152886.839814 sending message 105 to peer 0x5f64bbd76000 (40 bytes)
1718152886.839816 sending message 105 to peer 0x5f64bbd76000 (34 bytes)
1718152886.839819 sending message 105 to peer 0x5f64bbd76000 (48 bytes)
1718152886.839822 sending message 105 to peer 0x5f64bbd76000 (1877 bytes)
1718152886.839825 sending message 105 to peer 0x5f64bbd76000 (45 bytes)
1718152886.839828 sending message 105 to peer 0x5f64bbd76000 (24 bytes)
1718152886.839831 sending message 105 to peer 0x5f64bbd76000 (24 bytes)
1718152886.839834 sending message 105 to peer 0x5f64bbd76000 (19 bytes)
1718152886.839837 sending message 105 to peer 0x5f64bbd76000 (8 bytes)
1718152886.839840 sending message 105 to peer 0x5f64bbd76000 (48 bytes)
1718152886.839842 sending message 105 to peer 0x5f64bbd76000 (22 bytes)
1718152886.839845 sending message 105 to peer 0x5f64bbd76000 (20 bytes)
1718152886.839848 sending message 105 to peer 0x5f64bbd76000 (18 bytes)
1718152886.839851 sending message 105 to peer 0x5f64bbd76000 (26 bytes)
1718152886.839854 sending message 105 to peer 0x5f64bbd76000 (35 bytes)
1718152886.839856 sending message 105 to peer 0x5f64bbd76000 (198 bytes)
1718152886.839859 sending message 105 to peer 0x5f64bbd76000 (14 bytes)
1718152886.839862 sending message 105 to peer 0x5f64bbd76000 (59 bytes)
1718152886.839865 sending message 105 to peer 0x5f64bbd76000 (18 bytes)
1718152886.839868 sending message 105 to peer 0x5f64bbd76000 (26 bytes)
1718152886.839871 sending message 105 to peer 0x5f64bbd76000 (25 bytes)
1718152886.839874 sending message 105 to peer 0x5f64bbd76000 (16 bytes)
1718152886.839876 sending message 105 to peer 0x5f64bbd76000 (44 bytes)
1718152886.839879 sending message 105 to peer 0x5f64bbd76000 (25 bytes)
1718152886.839882 sending message 105 to peer 0x5f64bbd76000 (317 bytes)
1718152886.839885 sending message 105 to peer 0x5f64bbd76000 (31 bytes)
1718152886.839888 sending message 105 to peer 0x5f64bbd76000 (15 bytes)
1718152886.839891 sending message 105 to peer 0x5f64bbd76000 (23 bytes)
1718152886.839894 sending message 105 to peer 0x5f64bbd76000 (25 bytes)
1718152886.839896 sending message 105 to peer 0x5f64bbd76000 (17 bytes)
1718152886.839899 sending message 105 to peer 0x5f64bbd76000 (26 bytes)
1718152886.839902 sending message 105 to peer 0x5f64bbd76000 (25 bytes)
1718152886.839905 sending message 105 to peer 0x5f64bbd76000 (11 bytes)
1718152886.839908 sending message 105 to peer 0x5f64bbd76000 (41 bytes)
1718152886.839911 sending message 105 to peer 0x5f64bbd76000 (16 bytes)
1718152886.839914 sending message 105 to peer 0x5f64bbd76000 (30 bytes)
1718152886.839917 sending message 105 to peer 0x5f64bbd76000 (51 bytes)
1718152886.839919 sending message 105 to peer 0x5f64bbd76000 (12 bytes)
1718152886.839922 sending message 106 to peer 0x5f64bbd76000 (0 bytes)
1718152886.839930 sending message 200 to peer 0x5f64bbd76000 (4 bytes)
1718152886.839932 client loop enter
1718152886.840281 peer 0x5f64bbd76000 message 303
1718152886.840285 open write file 2 -
1718152886.840291 sending message 305 to peer 0x5f64bbd76000 (8 bytes)
1718152886.840296 write check file 2
1718152886.840367 peer 0x5f64bbd76000 message 304
1718152886.840370 write 58 to file 2
1718152886.840374 peer 0x5f64bbd76000 message 203
1718152886.840377 file 2 58 bytes left
1718152886.840390 write check file 2
1718152886.840393 client loop exit
